<?xml version="1.0" encoding="UTF-8"?>
<!-- Generated by org.testng.reporters.JUnitXMLReporter -->
<testsuite ignored="0" hostname="AartiRaj" failures="0" tests="6" name="Default test" time="27.834" errors="0" timestamp="2024-09-11T16:38:36 IST">
  <testcase classname="testCases.TC_01_registration_valid" name="test" time="0.818"/>
  <testcase classname="testCases.TC_01_registration_valid" name="test" time="0.584"/>
  <testcase classname="testCases.TC_01_registration_valid" name="test" time="0.543"/>
  <testcase classname="testCases.TC_01_registration_valid" name="test" time="0.56"/>
  <testcase classname="testCases.TC_01_registration_valid" name="test" time="0.572"/>
  <testcase classname="testCases.TC_01_registration_valid" name="test" time="0.534"/>
</testsuite> <!-- Default test -->
