<?xml version="1.0" encoding="UTF-8"?>
<testng-results ignored="0" total="1" passed="1" failed="0" skipped="0">
  <reporter-output>
  </reporter-output>
  <suite started-at="2024-09-11T11:47:28 IST" name="Default suite" finished-at="2024-09-11T11:47:33 IST" duration-ms="5377">
    <groups>
    </groups>
    <test started-at="2024-09-11T11:47:28 IST" name="Default test" finished-at="2024-09-11T11:47:33 IST" duration-ms="5377">
      <class name="testCases.TC_02_registration_invalid_cred">
        <test-method is-config="true" signature="setUp()[pri:0, instance:testCases.TC_02_registration_invalid_cred@73a1e9a9]" started-at="2024-09-11T11:47:28 IST" name="setUp" finished-at="2024-09-11T11:47:32 IST" duration-ms="4407" status="PASS">
          <reporter-output>
          </reporter-output>
        </test-method> <!-- setUp -->
        <test-method signature="test()[pri:0, instance:testCases.TC_02_registration_invalid_cred@73a1e9a9]" started-at="2024-09-11T11:47:32 IST" name="test" finished-at="2024-09-11T11:47:33 IST" duration-ms="729" status="PASS">
          <reporter-output>
          </reporter-output>
        </test-method> <!-- test -->
        <test-method is-config="true" signature="tearDown()[pri:0, instance:testCases.TC_02_registration_invalid_cred@73a1e9a9]" started-at="2024-09-11T11:47:33 IST" name="tearDown" finished-at="2024-09-11T11:47:33 IST" duration-ms="204" status="PASS">
          <reporter-output>
          </reporter-output>
        </test-method> <!-- tearDown -->
      </class> <!-- testCases.TC_02_registration_invalid_cred -->
    </test> <!-- Default test -->
  </suite> <!-- Default suite -->
</testng-results>
